 
 1          OPTIONS NONOTES NOSTIMER NOSOURCE NOSYNTAXCHECK;
 68         
 69         proc print data=sales_summary noobs;
 70           title 'Sales Summary by Date';
 71         run;
 
 NOTE: There were 10 observations read from the data set WORK.SALES_SUMMARY.
 NOTE: PROCEDURE PRINT used (Total process time):
       real time           0.00 seconds
       user cpu time       0.01 seconds
       system cpu time     0.00 seconds
       memory              1281.62k
       OS Memory           24488.00k
       Timestamp           27/03/2024 10:18:09 PM
       Step Count                        114  Switch Count  1
       Page Faults                       0
       Page Reclaims                     159
       Page Swaps                        0
       Voluntary Context Switches        7
       Involuntary Context Switches      0
       Block Input Operations            0
       Block Output Operations           8
       
 
 72         
 73         
 74         OPTIONS NONOTES NOSTIMER NOSOURCE NOSYNTAXCHECK;
 84         